<?xml version="1.0" encoding="UTF-8"?>
<testng-results ignored="0" total="1" passed="1" failed="0" skipped="0">
  <reporter-output>
  </reporter-output>
  <suite started-at="2025-03-24T16:54:33 IST" name="Default suite" finished-at="2025-03-24T16:54:47 IST" duration-ms="14121">
    <groups>
    </groups>
    <test started-at="2025-03-24T16:54:33 IST" name="Default test" finished-at="2025-03-24T16:54:47 IST" duration-ms="14121">
      <class name="testcase.LoginTC001">
        <test-method is-config="true" signature="preConditon()[pri:0, instance:testcase.LoginTC001@37d4349f]" started-at="2025-03-24T16:54:33 IST" name="preConditon" finished-at="2025-03-24T16:54:40 IST" duration-ms="7370" status="PASS">
          <reporter-output>
          </reporter-output>
        </test-method> <!-- preConditon -->
        <test-method signature="runCreateAccount()[pri:0, instance:testcase.LoginTC001@37d4349f]" started-at="2025-03-24T16:54:40 IST" name="runCreateAccount" finished-at="2025-03-24T16:54:47 IST" duration-ms="6495" status="PASS">
          <reporter-output>
          </reporter-output>
        </test-method> <!-- runCreateAccount -->
        <test-method is-config="true" signature="postCondition()[pri:0, instance:testcase.LoginTC001@37d4349f]" started-at="2025-03-24T16:54:47 IST" name="postCondition" finished-at="2025-03-24T16:54:47 IST" duration-ms="229" status="PASS">
          <reporter-output>
          </reporter-output>
        </test-method> <!-- postCondition -->
      </class> <!-- testcase.LoginTC001 -->
    </test> <!-- Default test -->
  </suite> <!-- Default suite -->
</testng-results>
